<?xml version="1.0" encoding="UTF-8"?>
<testsuite xmlns:xsi="http://www.w3.org/2001/XMLSchema-instance" xsi:noNamespaceSchemaLocation="https://maven.apache.org/surefire/maven-surefire-plugin/xsd/surefire-test-report.xsd" name="yourpackage.PersonTest" time="0" tests="5" errors="0" skipped="0" failures="0">
  <properties>
[...]
</properties>
  <testcase name="testChangeDogsNameWithDog" classname="yourpackage.PersonTest" time="0"/>
  <testcase name="testChangeDogsNameWithoutDog" classname="yourpackage.PersonTest" time="0"/>
  <testcase name="testHasOldDog" classname="yourpackage.PersonTest" time="0"/>
  <testcase name="testPersonWithoutDog" classname="yourpackage.PersonTest" time="0"/>
  <testcase name="testPersonWithDog" classname="yourpackage.PersonTest" time="0"/>
</testsuite>